<?xml version="1.0" encoding="UTF-8"?>
<!-- Generated by org.testng.reporters.JUnitReportReporter -->
<testsuite skipped="0" hostname="DESKTOP-53PPSM5" name="com.test.AddUserTest" tests="1" failures="0" timestamp="13 Apr 2022 11:42:44 GMT" time="10.423" errors="0">
  <testcase name="adduser" time="10.423" classname="com.test.AddUserTest"/>
</testsuite> <!-- com.test.AddUserTest -->
