<?xml version="1.0" encoding="UTF-8"?>
<!-- Generated by org.testng.reporters.JUnitReportReporter -->
<testsuite skipped="0" hostname="DESKTOP-53PPSM5" name="com.test.operatorTest" tests="4" failures="0" timestamp="13 Apr 2022 11:42:44 GMT" time="29.175" errors="0">
  <testcase name="CheckWhatasppContactOnly" time="6.231" classname="com.test.operatorTest"/>
  <testcase name="webTablehandlimg" time="7.969" classname="com.test.operatorTest"/>
  <testcase name="technnicalWord" time="8.086" classname="com.test.operatorTest"/>
  <testcase name="checkcontact" time="6.889" classname="com.test.operatorTest"/>
</testsuite> <!-- com.test.operatorTest -->
