<?xml version="1.0" encoding="UTF-8"?>
<!-- Generated by org.testng.reporters.JUnitReportReporter -->
<testsuite skipped="0" hostname="DESKTOP-53PPSM5" name="com.test.DashboardpageTest" tests="3" failures="0" timestamp="13 Apr 2022 11:42:44 GMT" time="19.909" errors="0">
  <testcase name="checkUserPage" time="6.669" classname="com.test.DashboardpageTest"/>
  <testcase name="checkOperatorPage" time="6.458" classname="com.test.DashboardpageTest"/>
  <testcase name="windowHandale" time="6.782" classname="com.test.DashboardpageTest"/>
</testsuite> <!-- com.test.DashboardpageTest -->
