<?xml version="1.0" encoding="UTF-8"?>
<!-- Generated by org.testng.reporters.JUnitReportReporter -->
<testsuite skipped="0" hostname="DESKTOP-53PPSM5" name="com.test.DownloadPageTest" tests="2" failures="0" timestamp="13 Apr 2022 11:42:44 GMT" time="15.064" errors="0">
  <testcase name="windowhandle" time="8.302" classname="com.test.DownloadPageTest"/>
  <testcase name="seleniumCountCheck" time="6.762" classname="com.test.DownloadPageTest"/>
</testsuite> <!-- com.test.DownloadPageTest -->
