<?xml version="1.0" encoding="UTF-8"?>
<!-- Generated by org.testng.reporters.JUnitReportReporter -->
<testsuite skipped="0" hostname="DESKTOP-53PPSM5" name="com.test.UsefulLinkTest" tests="2" failures="0" timestamp="13 Apr 2022 11:42:44 GMT" time="13.790" errors="0">
  <testcase name="windowHandles" time="7.551" classname="com.test.UsefulLinkTest"/>
  <testcase name="contentcheck" time="6.239" classname="com.test.UsefulLinkTest"/>
</testsuite> <!-- com.test.UsefulLinkTest -->
