<?xml version="1.0" encoding="UTF-8"?>
<!-- Generated by org.testng.reporters.JUnitReportReporter -->
<testsuite skipped="0" hostname="DESKTOP-53PPSM5" name="UsefulLinkTest" tests="1" failures="0" timestamp="13 Mar 2022 14:39:58 GMT" time="5.936" errors="0">
  <testcase name="contentcheck" time="5.936" classname="UsefulLinkTest"/>
</testsuite> <!-- UsefulLinkTest -->
