<?xml version="1.0" encoding="UTF-8"?>
<!-- Generated by org.testng.reporters.JUnitReportReporter -->
<testsuite skipped="0" hostname="DESKTOP-53PPSM5" name="DownloadPageTest" tests="2" failures="0" timestamp="13 Mar 2022 16:10:03 GMT" time="10.941" errors="0">
  <testcase name="seleniumCountCheck" time="3.907" classname="DownloadPageTest"/>
  <testcase name="windowhandle" time="7.034" classname="DownloadPageTest"/>
</testsuite> <!-- DownloadPageTest -->
