<?xml version="1.0" encoding="UTF-8"?>
<!-- Generated by org.testng.reporters.JUnitReportReporter -->
<testsuite skipped="0" hostname="DESKTOP-53PPSM5" name="UserpgeTest" tests="4" failures="0" timestamp="13 Mar 2022 09:14:23 GMT" time="21.733" errors="0">
  <testcase name="webTableHandling1" time="6.421" classname="UserpgeTest"/>
  <testcase name="popuphandling" time="4.841" classname="UserpgeTest"/>
  <testcase name="genderChecking" time="5.225" classname="UserpgeTest"/>
  <testcase name="webtblehndling" time="5.246" classname="UserpgeTest"/>
</testsuite> <!-- UserpgeTest -->
