<?xml version="1.0" encoding="UTF-8"?>
<!-- Generated by org.testng.reporters.JUnitReportReporter -->
<testsuite skipped="0" hostname="DESKTOP-53PPSM5" name="AddUserTest" tests="1" failures="0" timestamp="13 Mar 2022 16:53:55 GMT" time="9.122" errors="0">
  <testcase name="adduser" time="9.122" classname="AddUserTest"/>
</testsuite> <!-- AddUserTest -->
