<?xml version="1.0" encoding="UTF-8"?>
<!-- Generated by org.testng.reporters.JUnitReportReporter -->
<testsuite skipped="0" hostname="DESKTOP-53PPSM5" name="LoginpageTest" tests="2" failures="0" timestamp="14 Mar 2022 10:12:42 GMT" time="11.202" errors="0">
  <testcase name="testPage" time="6.653" classname="LoginpageTest"/>
  <testcase name="checkLogin" time="4.549" classname="LoginpageTest"/>
</testsuite> <!-- LoginpageTest -->
