<?xml version="1.0" encoding="UTF-8"?>
<!-- Generated by org.testng.reporters.JUnitReportReporter -->
<testsuite skipped="0" hostname="DESKTOP-53PPSM5" name="operatorTest" tests="1" failures="0" timestamp="13 Mar 2022 13:25:47 GMT" time="6.348" errors="0">
  <testcase name="technnicalWord" time="6.348" classname="operatorTest"/>
</testsuite> <!-- operatorTest -->
